<?xml version="1.0" encoding="UTF-8"?>
<!-- Generated by org.testng.reporters.JUnitReportReporter -->
<testsuite hostname="DESKTOP-4SQ843T" failures="0" tests="1" name="Tests.OrangeHRM" time="29.478" errors="0" timestamp="2023-01-04T22:33:10 PKT" skipped="0">
  <testcase classname="Tests.OrangeHRM" name="Register" time="29.478"/>
  <system-out/>
</testsuite> <!-- Tests.OrangeHRM -->
