<?xml version="1.0" encoding="UTF-8"?>
<!-- Generated by org.testng.reporters.JUnitReportReporter -->
<testsuite hostname="DESKTOP-4SQ843T" failures="0" tests="2" name="Tests.FirstTest" time="40.867" errors="0" timestamp="2023-01-03T20:08:55 PKT" skipped="0">
  <testcase classname="Tests.FirstTest" name="Test2" time="10.145"/>
  <system-out/>
  <testcase classname="Tests.FirstTest" name="Test1" time="30.722"/>
  <system-out/>
</testsuite> <!-- Tests.FirstTest -->
